c:\users\user\documents\visual studio 2015\projects\计算机网络\smtp_server\smtp_server\debug\smtp_server.pch
c:\users\user\documents\visual studio 2015\projects\计算机网络\smtp_server\smtp_server\debug\vc140.pdb
c:\users\user\documents\visual studio 2015\projects\计算机网络\smtp_server\smtp_server\debug\vc140.idb
c:\users\user\documents\visual studio 2015\projects\计算机网络\smtp_server\smtp_server\debug\stdafx.obj
c:\users\user\documents\visual studio 2015\projects\计算机网络\smtp_server\smtp_server\debug\smtp_server.obj
c:\users\user\documents\visual studio 2015\projects\计算机网络\smtp_server\smtp_server\debug\mailsocket.obj
c:\users\user\documents\visual studio 2015\projects\计算机网络\smtp_server\smtp_server\debug\smtp_serverdlg.obj
c:\users\user\documents\visual studio 2015\projects\计算机网络\smtp_server\debug\smtp_server.ilk
c:\users\user\documents\visual studio 2015\projects\计算机网络\smtp_server\debug\smtp_server.exe
c:\users\user\documents\visual studio 2015\projects\计算机网络\smtp_server\debug\smtp_server.pdb
c:\users\user\documents\visual studio 2015\projects\计算机网络\smtp_server\smtp_server\debug\smtp_server.res
c:\users\user\documents\visual studio 2015\projects\计算机网络\smtp_server\smtp_server\debug\smtp_server.tlog\cl.command.1.tlog
c:\users\user\documents\visual studio 2015\projects\计算机网络\smtp_server\smtp_server\debug\smtp_server.tlog\cl.read.1.tlog
c:\users\user\documents\visual studio 2015\projects\计算机网络\smtp_server\smtp_server\debug\smtp_server.tlog\cl.write.1.tlog
c:\users\user\documents\visual studio 2015\projects\计算机网络\smtp_server\smtp_server\debug\smtp_server.tlog\link.command.1.tlog
c:\users\user\documents\visual studio 2015\projects\计算机网络\smtp_server\smtp_server\debug\smtp_server.tlog\link.read.1.tlog
c:\users\user\documents\visual studio 2015\projects\计算机网络\smtp_server\smtp_server\debug\smtp_server.tlog\link.write.1.tlog
c:\users\user\documents\visual studio 2015\projects\计算机网络\smtp_server\smtp_server\debug\smtp_server.tlog\rc.command.1.tlog
c:\users\user\documents\visual studio 2015\projects\计算机网络\smtp_server\smtp_server\debug\smtp_server.tlog\rc.read.1.tlog
c:\users\user\documents\visual studio 2015\projects\计算机网络\smtp_server\smtp_server\debug\smtp_server.tlog\rc.write.1.tlog
